"../../../../../UnrealProjects/Crypto/Content/FirstPerson/Character/Mesh/SK_Mannequin_Arms_Skeleton.uasset" 0
"../../../../../UnrealProjects/Crypto/Content/FirstPerson/Animations/FirstPerson_Fire.uasset" 1
"../../../../../UnrealProjects/Crypto/Content/FirstPerson/Animations/FirstPersonFire_Montage.uasset" 2
"../../../../../UnrealProjects/Crypto/Content/FirstPerson/Animations/FirstPerson_Idle.uasset" 3
"../../../../../UnrealProjects/Crypto/Content/FirstPerson/Animations/FirstPerson_JumpEnd.uasset" 4
"../../../../../UnrealProjects/Crypto/Content/FirstPerson/Animations/FirstPerson_JumpLoop.uasset" 5
"../../../../../UnrealProjects/Crypto/Content/FirstPerson/Animations/FirstPerson_JumpStart.uasset" 6
"../../../../../UnrealProjects/Crypto/Content/FirstPerson/Animations/FirstPerson_Run.uasset" 7
"../../../Engine/Content/EditorBlueprintResources/StandardMacros.uasset" 8
"../../../../../UnrealProjects/Crypto/Content/FirstPerson/Animations/FirstPerson_AnimBP.uasset" 9
"../../../../../UnrealProjects/Crypto/Content/FirstPerson/Audio/FirstPersonTemplateWeaponFire02.uasset" 10
"../../../Engine/Content/Functions/Engine_MaterialFunctions02/Utility/BlendAngleCorrectedNormals.uasset" 11
"../../../Engine/Content/Functions/MaterialLayerFunctions/MatLayerBlend_NormalBlend.uasset" 12
"../../../Engine/Content/Functions/MaterialLayerFunctions/MatLayerBlend_Simple.uasset" 13
"../../../../../UnrealProjects/Crypto/Content/FirstPerson/Character/Materials/MaterialLayers/T_ML_Rubber_Blue_01_D.uasset" 14
"../../../../../UnrealProjects/Crypto/Content/FirstPerson/Character/Materials/MaterialLayers/T_ML_Rubber_Blue_01_N.uasset" 15
"../../../../../UnrealProjects/Crypto/Content/FirstPerson/Character/Materials/MaterialLayers/ML_GlossyBlack_Latex_UE4.uasset" 16
"../../../../../UnrealProjects/Crypto/Content/FirstPerson/Character/Materials/MaterialLayers/ML_Plastic_Shiny_Beige.uasset" 17
"../../../../../UnrealProjects/Crypto/Content/FirstPerson/Character/Textures/UE4_LOGO_CARD.uasset" 18
"../../../../../UnrealProjects/Crypto/Content/FirstPerson/Character/Materials/MaterialLayers/ML_Plastic_Shiny_Beige_LOGO.uasset" 19
"../../../../../UnrealProjects/Crypto/Content/FirstPerson/Character/Materials/MaterialLayers/T_ML_Aluminum01.uasset" 20
"../../../../../UnrealProjects/Crypto/Content/FirstPerson/Character/Materials/MaterialLayers/T_ML_Aluminum01_N.uasset" 21
"../../../../../UnrealProjects/Crypto/Content/FirstPerson/Character/Materials/MaterialLayers/ML_SoftMetal_UE4.uasset" 22
"../../../../../UnrealProjects/Crypto/Content/FirstPerson/Character/Textures/UE4_Mannequin__normals.uasset" 23
"../../../../../UnrealProjects/Crypto/Content/FirstPerson/Character/Textures/UE4_Mannequin_MAT_MASKA.uasset" 24
"../../../../../UnrealProjects/Crypto/Content/FirstPerson/Character/Materials/M_UE4Man_Body.uasset" 25
"../../../../../UnrealProjects/Crypto/Content/FirstPerson/Character/Mesh/SK_Mannequin_Arms_PhysicsAsset.uasset" 26
"../../../../../UnrealProjects/Crypto/Content/FirstPerson/Character/Mesh/SK_Mannequin_Arms.uasset" 27
"../../../../../UnrealProjects/Crypto/Content/FirstPerson/FPWeapon/Materials/MaterialLayers/ML_Plastic_Shiny_Beige_LOGO.uasset" 28
"../../../../../UnrealProjects/Crypto/Content/FirstPerson/FPWeapon/Materials/MaterialLayers/T_ML_FineRubber.uasset" 29
"../../../../../UnrealProjects/Crypto/Content/FirstPerson/FPWeapon/Materials/MaterialLayers/T_ML_Rubber_Blue_01_D.uasset" 30
"../../../../../UnrealProjects/Crypto/Content/FirstPerson/FPWeapon/Materials/MaterialLayers/T_ML_Rubber_Blue_01_N.uasset" 31
"../../../../../UnrealProjects/Crypto/Content/FirstPerson/FPWeapon/Materials/MaterialLayers/ML_GlossyBlack_Latex_UE4.uasset" 32
"../../../../../UnrealProjects/Crypto/Content/FirstPerson/FPWeapon/Materials/MaterialLayers/ML_Plastic_Shiny_Beige.uasset" 33
"../../../../../UnrealProjects/Crypto/Content/FirstPerson/FPWeapon/Materials/MaterialLayers/ML_Screen.uasset" 34
"../../../../../UnrealProjects/Crypto/Content/FirstPerson/FPWeapon/Materials/MaterialLayers/T_ML_Aluminum01.uasset" 35
"../../../../../UnrealProjects/Crypto/Content/FirstPerson/FPWeapon/Materials/MaterialLayers/T_ML_Aluminum01_N.uasset" 36
"../../../../../UnrealProjects/Crypto/Content/FirstPerson/FPWeapon/Materials/MaterialLayers/ML_SoftMetal_UE4.uasset" 37
"../../../../../UnrealProjects/Crypto/Content/FirstPerson/FPWeapon/Textures/T_FPGun_M.uasset" 38
"../../../../../UnrealProjects/Crypto/Content/FirstPerson/FPWeapon/Textures/T_FPGun_N.uasset" 39
"../../../../../UnrealProjects/Crypto/Content/FirstPerson/FPWeapon/Materials/M_FPGun.uasset" 40
"../../../../../UnrealProjects/Crypto/Content/FirstPerson/FPWeapon/Mesh/SK_FPGun_Skeleton.uasset" 41
"../../../../../UnrealProjects/Crypto/Content/FirstPerson/FPWeapon/Mesh/SK_FPGun.uasset" 42
"../../../../../UnrealProjects/Crypto/Content/FirstPerson/FPWeapon/Mesh/SK_FPGun_PhysicsAsset.uasset" 43
"../../../../../UnrealProjects/Crypto/Content/FirstPerson/Meshes/BaseMaterial.uasset" 44
"../../../../../UnrealProjects/Crypto/Content/FirstPerson/Meshes/FirstPersonProjectileMaterial.uasset" 45
"../../../../../UnrealProjects/Crypto/Content/FirstPerson/Meshes/FirstPersonProjectileMesh.uasset" 46
"../../../../../UnrealProjects/Crypto/Content/FirstPersonBP/Blueprints/FirstPersonProjectile.uasset" 47
"../../../../../UnrealProjects/Crypto/Content/Geometry/Meshes/CubeMaterial.uasset" 48
"../../../../../UnrealProjects/Crypto/Content/Geometry/Meshes/1M_Cube_Chamfer.uasset" 49
"../../../../../UnrealProjects/Crypto/Content/Geometry/Meshes/TemplateFloor.uasset" 50
"../../../../../UnrealProjects/Crypto/Content/Material/PostProcessMaterial/M_PostProcessCamera.uasset" 51
"../../../../../UnrealProjects/Crypto/Content/Material/PostProcessMaterial/MI_PostProcessCamera.uasset" 52
"../../../Engine/Content/Functions/Engine_MaterialFunctions01/Opacity/CameraDepthFade.uasset" 53
"../../../Engine/Content/EngineMaterials/T_Default_Material_Grid_M.uasset" 54
"../../../Engine/Content/EngineMaterials/T_Default_Material_Grid_N.uasset" 55
"../../../Engine/Content/EngineMaterials/WorldGridMaterial.uasset" 56
"../../../Engine/Content/ArtTools/RenderToTexture/Meshes/S_1_Unit_Plane.uasset" 57
"../../../Engine/Content/EngineMaterials/DefaultMaterial.uasset" 58
"../../../Engine/Content/BasicShapes/Cone.uasset" 59
"../../../Engine/Content/BasicShapes/Cylinder.uasset" 60
"../../../Engine/Content/BasicShapes/Plane.uasset" 61
"../../../Engine/Content/EditorLandscapeResources/DataLayer.uasset" 62
"../../../Engine/Content/EditorMaterials/GizmoMaterial.uasset" 63
"../../../Engine/Content/EditorMaterials/MAT_Groups_Toggle.uasset" 64
"../../../Engine/Content/EditorMaterials/MAT_Groups_Visibility.uasset" 65
"../../../Engine/Content/EditorMaterials/PreviewShadowIndicator.uasset" 66
"../../../Engine/Content/EditorMaterials/PreviewShadowIndicatorMaterial.uasset" 67
"../../../Engine/Content/EditorMaterials/MatineeGroups/MAT_ColorTrack.uasset" 68
"../../../Engine/Content/EditorMaterials/MatineeGroups/MAT_Groups_Anim.uasset" 69
"../../../Engine/Content/EditorMaterials/MatineeGroups/MAT_Groups_AudioMaster.uasset" 70
"../../../Engine/Content/EditorMaterials/MatineeGroups/MAT_Groups_Director.uasset" 71
"../../../Engine/Content/EditorMaterials/MatineeGroups/MAT_Groups_Event.uasset" 72
"../../../Engine/Content/EditorMaterials/MatineeGroups/MAT_Groups_Fade.uasset" 73
"../../../Engine/Content/EditorMaterials/MatineeGroups/MAT_Groups_Float.uasset" 74
"../../../Engine/Content/EditorMaterials/MatineeGroups/MAT_Groups_Move.uasset" 75
"../../../Engine/Content/EditorMaterials/MatineeGroups/MAT_Groups_Slomo.uasset" 76
"../../../Engine/Content/EditorMaterials/MatineeGroups/MAT_Groups_Sound.uasset" 77
"../../../Engine/Content/EditorMaterials/MatineeGroups/MAT_Groups_Vector.uasset" 78
"../../../Engine/Content/EditorMaterials/ParticleSystems/PSysThumbnail_NoImage.uasset" 79
"../../../Engine/Content/EditorMaterials/ParticleSystems/PSysThumbnail_OOD.uasset" 80
"../../../Engine/Content/EditorMaterials/Camera/CineMat.uasset" 81
"../../../Engine/Content/EditorMaterials/Camera/MI_CineMat_Rig.uasset" 82
"../../../Engine/Content/EditorMeshes/Camera/SM_CraneRig_Arm.uasset" 83
"../../../Engine/Content/EditorMeshes/Camera/SM_CraneRig_Base.uasset" 84
"../../../Engine/Content/EditorMeshes/Camera/SM_CraneRig_Body.uasset" 85
"../../../Engine/Content/EditorMeshes/Camera/SM_CraneRig_Mount.uasset" 86
"../../../Engine/Content/EditorMeshes/Camera/SM_RailRig_Mount.uasset" 87
"../../../Engine/Content/EditorMeshes/Camera/SM_RailRig_Track.uasset" 88
"../../../Engine/Content/EditorResources/BSPVertex.uasset" 89
"../../../Engine/Content/EditorResources/EmptyActor.uasset" 90
"../../../Engine/Content/EditorResources/S_Actor.uasset" 91
"../../../Engine/Content/EditorResources/S_Trigger.uasset" 92
"../../../Engine/Content/EditorResources/LightIcons/S_LightError.uasset" 93
"../../../Engine/Content/EditorResources/SequenceRecorder/Countdown.uasset" 94
"../../../Engine/Content/EditorResources/SequenceRecorder/RecordingIndicator.uasset" 95
"../../../Engine/Content/EditorSounds/Notifications/CompileFailed.uasset" 96
"../../../Engine/Content/EditorSounds/Notifications/CompileFailed_Cue.uasset" 97
"../../../Engine/Content/EditorSounds/Notifications/CompileSuccess.uasset" 98
"../../../Engine/Content/EditorSounds/Notifications/CompileStart_Cue.uasset" 99
"../../../Engine/Content/EditorSounds/Notifications/CompileSuccess_Cue.uasset" 100
"../../../Engine/Content/EngineDamageTypes/DmgTypeBP_Environmental.uasset" 101
"../../../Engine/Content/EngineDebugMaterials/HeatmapGradient.uasset" 102
"../../../Engine/Content/EngineDebugMaterials/BoneWeightMaterial.uasset" 103
"../../../Engine/Content/EngineDebugMaterials/ClothMaterial.uasset" 104
"../../../Engine/Content/EngineDebugMaterials/ClothMaterial_WF.uasset" 105
"../../../Engine/Content/EngineDebugMaterials/DebugEditorMaterial.uasset" 106
"../../../Engine/Content/EngineDebugMaterials/DebugMeshMaterial.uasset" 107
"../../../Engine/Content/EngineDebugMaterials/GeomMaterial.uasset" 108
"../../../Engine/Content/EngineDebugMaterials/M_SimpleTranslucent.uasset" 109
"../../../Engine/Content/EngineFonts/Faces/RobotoBold.uasset" 110
"../../../Engine/Content/EngineFonts/Faces/RobotoBoldItalic.uasset" 111
"../../../Engine/Content/EngineFonts/Faces/RobotoItalic.uasset" 112
"../../../Engine/Content/EngineFonts/Faces/RobotoLight.uasset" 113
"../../../Engine/Content/EngineFonts/Faces/RobotoRegular.uasset" 114
"../../../Engine/Content/EngineFonts/Roboto.uasset" 115
"../../../Engine/Content/EngineFonts/Faces/RobotoTiny.uasset" 116
"../../../Engine/Content/EngineFonts/RobotoTiny.uasset" 117
"../../../Engine/Content/EngineMaterials/BaseFlattenDiffuseMap.uasset" 118
"../../../Engine/Content/EngineMaterials/BaseFlattenEmissiveMap.uasset" 119
"../../../Engine/Content/EngineMaterials/BaseFlattenGrayscaleMap.uasset" 120
"../../../Engine/Content/EngineMaterials/BaseFlattenNormalMap.uasset" 121
"../../../Engine/Content/EngineMaterials/BaseFlattenMaterial.uasset" 122
"../../../Engine/Content/EngineMaterials/DefaultBloomKernel.uasset" 123
"../../../Engine/Content/EngineMaterials/DefaultBokeh.uasset" 124
"../../../Engine/Content/EngineMaterials/DefaultDiffuse.uasset" 125
"../../../Engine/Content/EngineMaterials/DefaultDeferredDecalMaterial.uasset" 126
"../../../Engine/Content/EngineMaterials/DefaultLightFunctionMaterial.uasset" 127
"../../../Engine/Content/EngineMaterials/DefaultPhysicalMaterial.uasset" 128
"../../../Engine/Content/Functions/Engine_MaterialFunctions02/Utility/BreakOutFloat2Components.uasset" 129
"../../../Engine/Content/EngineMaterials/DefaultPostProcessMaterial.uasset" 130
"../../../Engine/Content/EngineFonts/RobotoDistanceField.uasset" 131
"../../../Engine/Content/EngineMaterials/DefaultTextMaterialOpaque.uasset" 132
"../../../Engine/Content/EngineMaterials/DefaultWhiteGrid.uasset" 133
"../../../Engine/Content/EngineMaterials/EditorBrushMaterial.uasset" 134
"../../../Engine/Content/EngineMaterials/Good64x64TilingNoiseHighFreq.uasset" 135
"../../../Engine/Content/EngineMaterials/MiniFont.uasset" 136
"../../../Engine/Content/EngineMaterials/InvalidLightmapSettings.uasset" 137
"../../../Engine/Content/EngineMaterials/M_InvalidLightmapSettings.uasset" 138
"../../../Engine/Content/Functions/Engine_MaterialFunctions02/WorldPositionOffset/CameraOffset.uasset" 139
"../../../Engine/Content/EngineMaterials/PhAT_JointLimitMaterial.uasset" 140
"../../../Engine/Content/EngineMaterials/PreintegratedSkinBRDF.uasset" 141
"../../../Engine/Content/EngineMaterials/RemoveSurfaceMaterial.uasset" 142
"../../../Engine/Content/EngineMaterials/WeightMapPlaceholderTexture.uasset" 143
"../../../Engine/Content/EngineResources/WhiteSquareTexture.uasset" 144
"../../../Engine/Content/EngineMaterials/Widget3DPassThrough.uasset" 145
"../../../Engine/Content/EngineMaterials/Widget3DPassThrough_Masked.uasset" 146
"../../../Engine/Content/EngineMaterials/Widget3DPassThrough_Opaque.uasset" 147
"../../../Engine/Content/EngineMaterials/Widget3DPassThrough_Masked_OneSided.uasset" 148
"../../../Engine/Content/EngineMaterials/Widget3DPassThrough_Opaque_OneSided.uasset" 149
"../../../Engine/Content/EngineMaterials/Widget3DPassThrough_Translucent.uasset" 150
"../../../Engine/Content/EngineMaterials/Widget3DPassThrough_Translucent_OneSided.uasset" 151
"../../../Engine/Content/EngineMeshes/Cylinder.uasset" 152
"../../../Engine/Content/EngineMeshes/Sphere.uasset" 153
"../../../Engine/Content/EngineResources/Black.uasset" 154
"../../../Engine/Content/EngineResources/DefaultTexture.uasset" 155
"../../../Engine/Content/EngineResources/DefaultTextureCube.uasset" 156
"../../../Engine/Content/EngineResources/DefaultVolumeTexture2D.uasset" 157
"../../../Engine/Content/EngineResources/DefaultVolumeTexture.uasset" 158
"../../../Engine/Content/EngineResources/GradientTexture0.uasset" 159
"../../../Engine/Content/EngineSounds/Master.uasset" 160
"../../../Engine/Content/Functions/Engine_MaterialFunctions01/Shading/ConvertFromDiffSpec.uasset" 161
"../../../Engine/Content/Functions/Engine_MaterialFunctions01/Shading/PowerToRoughness.uasset" 162
"../../../Engine/Content/Maps/Templates/Thumbnails/Default.uasset" 163
"../../../Engine/Content/Maps/Templates/Thumbnails/VR-Basic.uasset" 164
"../../../Engine/Content/MobileResources/T_MobileControls_texture.uasset" 165
"../../../Engine/Content/MobileResources/T_MobileMenu2.uasset" 166
"../../../Engine/Content/MobileResources/HUD/AnalogHat.uasset" 167
"../../../Engine/Content/MobileResources/HUD/VirtualJoystick_Background.uasset" 168
"../../../Engine/Content/MobileResources/HUD/VirtualJoystick_Thumb.uasset" 169
"../../../Engine/Content/MobileResources/HUD/DefaultVirtualJoysticks.uasset" 170
"../../../Engine/Content/MobileResources/HUD/LeftVirtualJoystickOnly.uasset" 171
"../../../Engine/Content/MobileResources/HUD/MobileHUDButton1_off.uasset" 172
"../../../Engine/Content/MobileResources/HUD/MobileHUDButton1_on.uasset" 173
"../../../Engine/Content/MobileResources/HUD/MobileHUDButton2_off.uasset" 174
"../../../Engine/Content/MobileResources/HUD/MobileHUDButton2_on.uasset" 175
"../../../Engine/Content/MobileResources/HUD/MobileHUDButton3.uasset" 176
"../../../Engine/Content/MobileResources/HUD/MobileHUDButtonFire.uasset" 177
"../../../Engine/Content/MobileResources/HUD/MobileHUDDirectionPad.uasset" 178
"../../../Engine/Content/MobileResources/HUD/MobileHUDDirectionPad2.uasset" 179
"../../../Engine/Content/MobileResources/HUD/MobileHUDDirectionPad3.uasset" 180
"../../../Engine/Content/MobileResources/HUD/MobileHUDDirectionStick.uasset" 181
"../../../Engine/Content/MobileResources/HUD/T_Castle_ThumbstickInner.uasset" 182
"../../../Engine/Content/MobileResources/HUD/T_Castle_ThumbstickOutter.uasset" 183
"../../../Engine/Content/Tutorial/ContentIntroCurve.uasset" 184
"../../../Engine/Content/Tutorial/BlueprintTutorials/TutorialAssets/Blueprint_64x.uasset" 185
"../../../Engine/Content/VREditor/LaserPointer/VR_LaserPower_01.uasset" 186
"../../../Engine/Content/VREditor/TransformGizmo/TransformGizmoMaterial.uasset" 187
"../../../Engine/Content/VREditor/TransformGizmo/TranslucentTransformGizmoMaterial.uasset" 188
"../../../Engine/Content/VREditor/TransformGizmo/BoundingBoxCorner.uasset" 189
"../../../Engine/Content/VREditor/TransformGizmo/BoundingBoxEdge.uasset" 190
"../../../Engine/Content/VREditor/TransformGizmo/PlaneTranslationHandle.uasset" 191
"../../../Engine/Content/VREditor/TransformGizmo/Main.uasset" 192
"../../../Engine/Content/VREditor/TransformGizmo/Xray.uasset" 193
"../../../Engine/Content/VREditor/TransformGizmo/SM_Sequencer_Key.uasset" 194
"../../../Engine/Content/VREditor/TransformGizmo/SM_Sequencer_Node.uasset" 195
"../../Plugins/2D/Paper2D/Content/PlaceholderTextures/DummySpriteTexture.uasset" 196
"../../Plugins/2D/Paper2D/Content/DummySprite.uasset" 197
"../../Plugins/2D/Paper2D/Content/DefaultPaperTerrainMaterial.uasset" 198
"../../Plugins/2D/Paper2D/Content/DefaultSpriteMaterial.uasset" 199
"../../Plugins/2D/Paper2D/Content/MaskedUnlitSpriteMaterial.uasset" 200
"../../Plugins/2D/Paper2D/Content/OpaqueUnlitSpriteMaterial.uasset" 201
"../../Plugins/Runtime/Oculus/OculusVR/Content/Materials/PokeAHoleMaterial.uasset" 202
"../../Plugins/Runtime/Oculus/OculusVR/Content/Textures/GearVRController_AO.uasset" 203
"../../Plugins/Runtime/Oculus/OculusVR/Content/Textures/GearVRController_Color.uasset" 204
"../../Plugins/Runtime/Oculus/OculusVR/Content/Textures/GearVRController_Normal.uasset" 205
"../../Plugins/Runtime/Oculus/OculusVR/Content/Materials/GearVRControllerMaterial.uasset" 206
"../../Plugins/Runtime/Oculus/OculusVR/Content/Meshes/GearVrController.uasset" 207
"../../Plugins/Runtime/Oculus/OculusVR/Content/Textures/touchController_albedo.uasset" 208
"../../Plugins/Runtime/Oculus/OculusVR/Content/Textures/touchController_controlmap.uasset" 209
"../../Plugins/Runtime/Oculus/OculusVR/Content/Materials/touchController_mat.uasset" 210
"../../Plugins/Runtime/Oculus/OculusVR/Content/Meshes/LeftTouchController.uasset" 211
"../../Plugins/Runtime/Oculus/OculusVR/Content/Meshes/RiftHMD.uasset" 212
"../../Plugins/Runtime/Oculus/OculusVR/Content/Meshes/RightTouchController.uasset" 213
"../../../../../UnrealProjects/Crypto/Content/UI/W_Photo.uasset" 214
"../../../../../UnrealProjects/Crypto/Content/Blueprints/BP_UISetter.uasset" 215
"../../../../../UnrealProjects/Crypto/Content/Blueprints/ParentBP/BP_PhotographiableObject.uasset" 216
"../../../../../UnrealProjects/Crypto/Content/Material/M_RenderTarget.uasset" 217
"../../../../../UnrealProjects/Crypto/Content/FirstPersonBP/Blueprints/FirstPersonCharacter.uasset" 218
"../../../Engine/Content/EngineSky/C_Sky_Cloud_Color.uasset" 219
"../../../Engine/Content/EngineSky/C_Sky_Horizon_Color.uasset" 220
"../../../Engine/Content/EngineSky/C_Sky_Zenith_Color.uasset" 221
"../../../Engine/Content/EngineSky/T_Sky_Blue.uasset" 222
"../../../Engine/Content/EngineSky/T_Sky_Clouds_M.uasset" 223
"../../../Engine/Content/EngineSky/T_Sky_Stars.uasset" 224
"../../../Engine/Content/EngineSky/M_Sky_Panning_Clouds2.uasset" 225
"../../../Engine/Content/EngineSky/SM_SkySphere.uasset" 226
"../../../Engine/Content/EngineSky/BP_Sky_Sphere.uasset" 227
"../../../Engine/Content/BasicShapes/Cube.uasset" 228
"../../../../../UnrealProjects/Crypto/Content/Blueprints/BP_PhotoCube.uasset" 229
"../../../Engine/Content/BasicShapes/Sphere.uasset" 230
"../../../../../UnrealProjects/Crypto/Content/Blueprints/BP_PhotoSphere.uasset" 231
"../../../../../UnrealProjects/Crypto/Content/FirstPerson/Textures/FirstPersonCrosshair.uasset" 232
"../../../../../UnrealProjects/Crypto/Content/FirstPersonBP/Blueprints/FirstPersonHUD.uasset" 233
"../../../../../UnrealProjects/Crypto/Content/FirstPersonBP/Blueprints/FirstPersonGameMode.uasset" 234
"../../../../../UnrealProjects/Crypto/Content/FirstPersonBP/Maps/FirstPersonExampleMap_BuiltData.uasset" 235
"../../../Engine/Content/Functions/Engine_MaterialFunctions03/Procedurals/ComputeFilterWidth.uasset" 236
"../../../Engine/Content/EngineMaterials/AntiAliasedTextMaterialTranslucent.uasset" 237
"../../../../../UnrealProjects/Crypto/Content/Material/M_TargetRender.uasset" 238
"../../../../../UnrealProjects/Crypto/Content/FirstPerson/Meshes/CubeMaterialOverride.uasset" 239
"../../../../../UnrealProjects/Crypto/Content/Geometry/Meshes/1M_Cube.uasset" 240
"../../../../../UnrealProjects/Crypto/Content/FirstPersonBP/Maps/FirstPersonExampleMap.umap" 241
"../../../Engine/Content/Maps/Entry_BuiltData.uasset" 242
"../../../Engine/Content/Maps/Entry.umap" 243
